  main.cpp
C:\Users\amittal\source\repos\FirstTime\Matrices\Matrices\main.cpp(11,37): warning C4244: 'argument': conversion from 'int' to 'T', possible loss of data
          with
          [
              T=float
          ]
C:\Users\amittal\source\repos\FirstTime\Matrices\Matrices\main.cpp(11,33): warning C4244: 'argument': conversion from 'int' to 'T', possible loss of data
          with
          [
              T=float
          ]
C:\Users\amittal\source\repos\FirstTime\Matrices\Matrices\main.cpp(12,37): warning C4244: 'argument': conversion from 'int' to 'T', possible loss of data
          with
          [
              T=float
          ]
C:\Users\amittal\source\repos\FirstTime\Matrices\Matrices\main.cpp(12,33): warning C4244: 'argument': conversion from 'int' to 'T', possible loss of data
          with
          [
              T=float
          ]
C:\Users\amittal\source\repos\FirstTime\Matrices\Matrices\main.cpp(29,126): warning C4244: 'argument': conversion from 'const T' to 'int', possible loss of data
          with
          [
              T=float
          ]
C:\Users\amittal\source\repos\FirstTime\Matrices\Matrices\main.cpp(29,101): warning C4244: 'argument': conversion from 'T' to 'int', possible loss of data
          with
          [
              T=float
          ]
C:\Users\amittal\source\repos\FirstTime\Matrices\Matrices\main.cpp(29,75): warning C4244: 'argument': conversion from 'const T' to 'int', possible loss of data
          with
          [
              T=float
          ]
C:\Users\amittal\source\repos\FirstTime\Matrices\Matrices\main.cpp(29,50): warning C4244: 'argument': conversion from 'T' to 'int', possible loss of data
          with
          [
              T=float
          ]
C:\Users\amittal\source\repos\FirstTime\Matrices\Matrices\main.cpp(30,124): warning C4244: 'argument': conversion from 'T' to 'int', possible loss of data
          with
          [
              T=float
          ]
C:\Users\amittal\source\repos\FirstTime\Matrices\Matrices\main.cpp(30,98): warning C4244: 'argument': conversion from 'const T' to 'int', possible loss of data
          with
          [
              T=float
          ]
C:\Users\amittal\source\repos\FirstTime\Matrices\Matrices\main.cpp(30,73): warning C4244: 'argument': conversion from 'T' to 'int', possible loss of data
          with
          [
              T=float
          ]
C:\Users\amittal\source\repos\FirstTime\Matrices\Matrices\main.cpp(30,47): warning C4244: 'argument': conversion from 'const T' to 'int', possible loss of data
          with
          [
              T=float
          ]
C:\Users\amittal\source\repos\FirstTime\Matrices\Matrices\main.cpp(45,40): warning C4244: 'argument': conversion from 'float' to 'int', possible loss of data
C:\Users\amittal\source\repos\FirstTime\Matrices\Matrices\main.cpp(45,36): warning C4244: 'argument': conversion from 'float' to 'int', possible loss of data
C:\Users\amittal\source\repos\FirstTime\Matrices\Matrices\main.cpp(45,32): warning C4244: 'argument': conversion from 'float' to 'int', possible loss of data
C:\Users\amittal\source\repos\FirstTime\Matrices\Matrices\main.cpp(46,41): warning C4244: 'argument': conversion from 'float' to 'int', possible loss of data
C:\Users\amittal\source\repos\FirstTime\Matrices\Matrices\main.cpp(46,37): warning C4244: 'argument': conversion from 'float' to 'int', possible loss of data
C:\Users\amittal\source\repos\FirstTime\Matrices\Matrices\main.cpp(46,29): warning C4244: 'argument': conversion from 'float' to 'int', possible loss of data
C:\Users\amittal\source\repos\FirstTime\Matrices\Matrices\main.cpp(90,61): warning C4244: 'argument': conversion from 'T' to 'float', possible loss of data
          with
          [
              T=unsigned int
          ]
C:\Users\amittal\source\repos\FirstTime\Matrices\Matrices\main.cpp(90,41): warning C4244: 'argument': conversion from 'T' to 'float', possible loss of data
          with
          [
              T=unsigned int
          ]
C:\Users\amittal\source\repos\FirstTime\Matrices\Matrices\main.cpp(104,85): warning C4244: 'argument': conversion from 'T' to 'float', possible loss of data
          with
          [
              T=int
          ]
C:\Users\amittal\source\repos\FirstTime\Matrices\Matrices\main.cpp(104,55): warning C4244: 'argument': conversion from 'T' to 'float', possible loss of data
          with
          [
              T=int
          ]
  LINK : C:\Users\amittal\source\repos\FirstTime\Matrices\x64\Debug\Matrices.exe not found or not built by the last incremental link; performing full link
  Matrices.vcxproj -> C:\Users\amittal\source\repos\FirstTime\Matrices\x64\Debug\Matrices.exe
